d:\desenvolvimento\github\processamento-de-imagens\codigo\debug\pdimagem.bsc
d:\desenvolvimento\github\processamento-de-imagens\codigo\debug\pdimagem.pch
d:\desenvolvimento\github\processamento-de-imagens\codigo\debug\vc140.pdb
d:\desenvolvimento\github\processamento-de-imagens\codigo\debug\vc140.idb
d:\desenvolvimento\github\processamento-de-imagens\codigo\debug\stdafx.sbr
d:\desenvolvimento\github\processamento-de-imagens\codigo\debug\stdafx.obj
d:\desenvolvimento\github\processamento-de-imagens\codigo\debug\pdimorfb.sbr
d:\desenvolvimento\github\processamento-de-imagens\codigo\debug\pdimorfb.obj
d:\desenvolvimento\github\processamento-de-imagens\codigo\debug\pdimagemview.sbr
d:\desenvolvimento\github\processamento-de-imagens\codigo\debug\pdimagemview.obj
d:\desenvolvimento\github\processamento-de-imagens\codigo\debug\pdimagemdoc.sbr
d:\desenvolvimento\github\processamento-de-imagens\codigo\debug\pdimagemdoc.obj
d:\desenvolvimento\github\processamento-de-imagens\codigo\debug\pdimagem.sbr
d:\desenvolvimento\github\processamento-de-imagens\codigo\debug\pdimagem.obj
d:\desenvolvimento\github\processamento-de-imagens\codigo\debug\pdibase.sbr
d:\desenvolvimento\github\processamento-de-imagens\codigo\debug\pdibase.obj
d:\desenvolvimento\github\processamento-de-imagens\codigo\debug\mainfrm.sbr
d:\desenvolvimento\github\processamento-de-imagens\codigo\debug\mainfrm.obj
d:\desenvolvimento\github\processamento-de-imagens\codigo\debug\dlgprdistancia.sbr
d:\desenvolvimento\github\processamento-de-imagens\codigo\debug\dlgprdistancia.obj
d:\desenvolvimento\github\processamento-de-imagens\codigo\debug\dlgoplogica.sbr
d:\desenvolvimento\github\processamento-de-imagens\codigo\debug\dlgoplogica.obj
d:\desenvolvimento\github\processamento-de-imagens\codigo\debug\dlglimiarmanual.sbr
d:\desenvolvimento\github\processamento-de-imagens\codigo\debug\dlglimiarmanual.obj
d:\desenvolvimento\github\processamento-de-imagens\codigo\debug\dlginfo.sbr
d:\desenvolvimento\github\processamento-de-imagens\codigo\debug\dlginfo.obj
d:\desenvolvimento\github\processamento-de-imagens\codigo\debug\dlghistograma.sbr
d:\desenvolvimento\github\processamento-de-imagens\codigo\debug\dlghistograma.obj
d:\desenvolvimento\github\processamento-de-imagens\codigo\debug\dlgfatorzoominterpolacao.sbr
d:\desenvolvimento\github\processamento-de-imagens\codigo\debug\dlgfatorzoominterpolacao.obj
d:\desenvolvimento\github\processamento-de-imagens\codigo\debug\dlgfatorzoom.sbr
d:\desenvolvimento\github\processamento-de-imagens\codigo\debug\dlgfatorzoom.obj
d:\desenvolvimento\github\processamento-de-imagens\codigo\debug\dlgelemestr2.sbr
d:\desenvolvimento\github\processamento-de-imagens\codigo\debug\dlgelemestr2.obj
d:\desenvolvimento\github\processamento-de-imagens\codigo\debug\dlgelemestr1.sbr
d:\desenvolvimento\github\processamento-de-imagens\codigo\debug\dlgelemestr1.obj
d:\desenvolvimento\github\processamento-de-imagens\codigo\debug\dlgaprimoranitidezcalculo3.sbr
d:\desenvolvimento\github\processamento-de-imagens\codigo\debug\dlgaprimoranitidezcalculo3.obj
d:\desenvolvimento\github\processamento-de-imagens\codigo\debug\dlgaprimoranitidezcalculo2.sbr
d:\desenvolvimento\github\processamento-de-imagens\codigo\debug\dlgaprimoranitidezcalculo2.obj
d:\desenvolvimento\github\processamento-de-imagens\codigo\debug\dlgaprimoranitidezcalculo1.sbr
d:\desenvolvimento\github\processamento-de-imagens\codigo\debug\dlgaprimoranitidezcalculo1.obj
d:\desenvolvimento\github\processamento-de-imagens\codigo\debug\dlgadicionar.sbr
d:\desenvolvimento\github\processamento-de-imagens\codigo\debug\dlgadicionar.obj
d:\desenvolvimento\github\processamento-de-imagens\codigo\debug\childfrm.sbr
d:\desenvolvimento\github\processamento-de-imagens\codigo\debug\childfrm.obj
d:\desenvolvimento\github\processamento-de-imagens\codigo\debug\aboutdlg.sbr
d:\desenvolvimento\github\processamento-de-imagens\codigo\debug\aboutdlg.obj
d:\desenvolvimento\github\processamento-de-imagens\codigo\debug\pdimagem.ilk
d:\desenvolvimento\github\processamento-de-imagens\codigo\debug\pdimagem.exe
d:\desenvolvimento\github\processamento-de-imagens\codigo\debug\pdimagem.pdb
d:\desenvolvimento\github\processamento-de-imagens\codigo\debug\pdimagem.res
d:\desenvolvimento\github\processamento-de-imagens\codigo\.\debug\pdimagem.exe
d:\desenvolvimento\github\processamento-de-imagens\codigo\debug\pdimagem.tlog\bscmake.command.1.tlog
d:\desenvolvimento\github\processamento-de-imagens\codigo\debug\pdimagem.tlog\bscmake.read.1.tlog
d:\desenvolvimento\github\processamento-de-imagens\codigo\debug\pdimagem.tlog\bscmake.write.1.tlog
d:\desenvolvimento\github\processamento-de-imagens\codigo\debug\pdimagem.tlog\cl.command.1.tlog
d:\desenvolvimento\github\processamento-de-imagens\codigo\debug\pdimagem.tlog\cl.read.1.tlog
d:\desenvolvimento\github\processamento-de-imagens\codigo\debug\pdimagem.tlog\cl.write.1.tlog
d:\desenvolvimento\github\processamento-de-imagens\codigo\debug\pdimagem.tlog\link.command.1.tlog
d:\desenvolvimento\github\processamento-de-imagens\codigo\debug\pdimagem.tlog\link.read.1.tlog
d:\desenvolvimento\github\processamento-de-imagens\codigo\debug\pdimagem.tlog\link.write.1.tlog
d:\desenvolvimento\github\processamento-de-imagens\codigo\debug\pdimagem.tlog\rc.command.1.tlog
d:\desenvolvimento\github\processamento-de-imagens\codigo\debug\pdimagem.tlog\rc.read.1.tlog
d:\desenvolvimento\github\processamento-de-imagens\codigo\debug\pdimagem.tlog\rc.write.1.tlog
